<?xml version="1.0" encoding="UTF-8"?>
<!-- Generated by org.testng.reporters.JUnitXMLReporter -->
<testsuite hostname="Diego" ignored="0" name="Default test" tests="6" failures="0" timestamp="2022-07-14T15:57:17 PYT" time="36.817" errors="0">
  <testcase name="login" time="4.716" classname="Pruebas.Laboratorio04_E1"/>
  <testcase name="login" time="3.625" classname="Pruebas.Laboratorio04_E1"/>
  <testcase name="login" time="4.001" classname="Pruebas.Laboratorio04_E1"/>
  <testcase name="login" time="3.291" classname="Pruebas.Laboratorio04_E1"/>
  <testcase name="login" time="3.616" classname="Pruebas.Laboratorio04_E1"/>
  <testcase name="login" time="3.828" classname="Pruebas.Laboratorio04_E1"/>
</testsuite> <!-- Default test -->
